[35m[1mScanning dependencies of target _robotiq_2f_gripper_control_generate_messages_check_deps_Robotiq2FGripper_robot_output[0m
[  0%] Built target _robotiq_2f_gripper_control_generate_messages_check_deps_Robotiq2FGripper_robot_output
[35m[1mScanning dependencies of target _robotiq_2f_gripper_control_generate_messages_check_deps_Robotiq2FGripper_robot_input[0m
[  0%] Built target _robotiq_2f_gripper_control_generate_messages_check_deps_Robotiq2FGripper_robot_input
[35m[1mScanning dependencies of target robotiq_2f_gripper_control_generate_messages_cpp[0m
[  6%] [34m[1mGenerating C++ code from robotiq_2f_gripper_control/Robotiq2FGripper_robot_input.msg[0m
[ 13%] [34m[1mGenerating C++ code from robotiq_2f_gripper_control/Robotiq2FGripper_robot_output.msg[0m
[ 13%] Built target robotiq_2f_gripper_control_generate_messages_cpp
[35m[1mScanning dependencies of target robotiq_2f_gripper_control_generate_messages_py[0m
[ 20%] [34m[1mGenerating Python from MSG robotiq_2f_gripper_control/Robotiq2FGripper_robot_input[0m
[ 26%] [34m[1mGenerating Python from MSG robotiq_2f_gripper_control/Robotiq2FGripper_robot_output[0m
[ 33%] [34m[1mGenerating Python msg __init__.py for robotiq_2f_gripper_control[0m
[ 33%] Built target robotiq_2f_gripper_control_generate_messages_py
[35m[1mScanning dependencies of target robotiq_2f_gripper_control_generate_messages_nodejs[0m
[ 40%] [34m[1mGenerating Javascript code from robotiq_2f_gripper_control/Robotiq2FGripper_robot_input.msg[0m
[ 46%] [34m[1mGenerating Javascript code from robotiq_2f_gripper_control/Robotiq2FGripper_robot_output.msg[0m
[ 46%] Built target robotiq_2f_gripper_control_generate_messages_nodejs
[35m[1mScanning dependencies of target robotiq_2f_gripper_control_generate_messages_lisp[0m
[ 53%] [34m[1mGenerating Lisp code from robotiq_2f_gripper_control/Robotiq2FGripper_robot_input.msg[0m
[ 60%] [34m[1mGenerating Lisp code from robotiq_2f_gripper_control/Robotiq2FGripper_robot_output.msg[0m
[ 60%] Built target robotiq_2f_gripper_control_generate_messages_lisp
[35m[1mScanning dependencies of target robotiq_2f_gripper_control_generate_messages_eus[0m
[ 66%] [34m[1mGenerating EusLisp code from robotiq_2f_gripper_control/Robotiq2FGripper_robot_input.msg[0m
[ 73%] [34m[1mGenerating EusLisp code from robotiq_2f_gripper_control/Robotiq2FGripper_robot_output.msg[0m
[ 80%] [34m[1mGenerating EusLisp manifest code for robotiq_2f_gripper_control[0m
[ 80%] Built target robotiq_2f_gripper_control_generate_messages_eus
[35m[1mScanning dependencies of target robotiq_2f_gripper_ethercat_node[0m
[ 86%] [32mBuilding CXX object CMakeFiles/robotiq_2f_gripper_ethercat_node.dir/src/robotiq_2f_gripper_control/robotiq_2f_gripper_ethercat_node.cpp.o[0m
[ 93%] [32mBuilding CXX object CMakeFiles/robotiq_2f_gripper_ethercat_node.dir/src/robotiq_2f_gripper_control/robotiq_2f_gripper_ethercat_client.cpp.o[0m
[100%] [32m[1mLinking CXX executable /home/stefan/u10e_ws/devel/.private/robotiq_2f_gripper_control/lib/robotiq_2f_gripper_control/robotiq_2f_gripper_ethercat_node[0m
[100%] Built target robotiq_2f_gripper_ethercat_node
[35m[1mScanning dependencies of target robotiq_2f_gripper_control_generate_messages[0m
[100%] Built target robotiq_2f_gripper_control_generate_messages
